<?xml version="1.0" encoding="UTF-8"?>
<!-- Generated by org.testng.reporters.JUnitReportReporter -->
<testsuite skipped="0" hostname="DESKTOP-7F11FOV" name="initial.BasicsPostXML" tests="1" failures="0" timestamp="14 Feb 2018 00:40:56 GMT" time="7.978" errors="0">
  <testcase name="postTest" time="7.978" classname="initial.BasicsPostXML"/>
</testsuite> <!-- initial.BasicsPostXML -->
