<?xml version="1.0" encoding="UTF-8"?>
<!-- Generated by org.testng.reporters.JUnitReportReporter -->
<testsuite skipped="0" hostname="DESKTOP-7F11FOV" name="initial.BasicsPost" tests="1" failures="0" timestamp="11 Feb 2018 06:42:34 GMT" time="6.157" errors="0">
  <testcase name="postTest" time="6.157" classname="initial.BasicsPost"/>
</testsuite> <!-- initial.BasicsPost -->
