<?xml version="1.0" encoding="UTF-8"?>
<!-- Generated by org.testng.reporters.JUnitReportReporter -->
<testsuite skipped="0" hostname="DESKTOP-7F11FOV" name="initial.BasicPostDelete" tests="1" failures="0" timestamp="12 Feb 2018 21:53:03 GMT" time="6.953" errors="0">
  <testcase name="method1" time="6.953" classname="initial.BasicPostDelete"/>
</testsuite> <!-- initial.BasicPostDelete -->
