<?xml version="1.0" encoding="UTF-8"?>
<!-- Generated by org.testng.reporters.JUnitReportReporter -->
<testsuite skipped="0" hostname="DESKTOP-7F11FOV" name="initial.Basics" tests="1" failures="0" timestamp="14 Feb 2018 03:29:08 GMT" time="7.047" errors="0">
  <testcase name="test1" time="7.047" classname="initial.Basics"/>
</testsuite> <!-- initial.Basics -->
