<?xml version="1.0" encoding="UTF-8"?>
<!-- Generated by org.testng.reporters.JUnitReportReporter -->
<testsuite skipped="0" hostname="DESKTOP-7F11FOV" name="smoketest.LoginTestNG" tests="1" failures="0" timestamp="08 Feb 2018 19:49:13 GMT" time="10.373" errors="0">
  <testcase name="testTNG" time="10.373" classname="smoketest.LoginTestNG"/>
</testsuite> <!-- smoketest.LoginTestNG -->
