<?xml version="1.0" encoding="UTF-8"?>
<!-- Generated by org.testng.reporters.JUnitReportReporter -->
<testsuite skipped="0" hostname="DESKTOP-7F11FOV" name="tests.Login" tests="1" failures="0" timestamp="23 Jan 2018 22:51:42 GMT" time="18.375" errors="0">
  <testcase name="loginTestPOM" time="18.375" classname="tests.Login"/>
</testsuite> <!-- tests.Login -->
