<?xml version="1.0" encoding="UTF-8"?>
<!-- Generated by org.testng.reporters.JUnitReportReporter -->
<testsuite skipped="0" hostname="DESKTOP-7F11FOV" name="test.LongestStringTest" tests="9" failures="0" timestamp="19 Feb 2018 21:13:00 GMT" time="0.058" errors="0">
  <testcase name="testMethod" time="0.024" classname="test.LongestStringTest"/>
  <testcase name="testMethod" time="0.005" classname="test.LongestStringTest"/>
  <testcase name="testMethod" time="0.004" classname="test.LongestStringTest"/>
  <testcase name="testMethod" time="0.005" classname="test.LongestStringTest"/>
  <testcase name="testMethod" time="0.004" classname="test.LongestStringTest"/>
  <testcase name="testMethod" time="0.004" classname="test.LongestStringTest"/>
  <testcase name="testMethod" time="0.005" classname="test.LongestStringTest"/>
  <testcase name="testMethod" time="0.003" classname="test.LongestStringTest"/>
  <testcase name="testMethod" time="0.004" classname="test.LongestStringTest"/>
</testsuite> <!-- test.LongestStringTest -->
