<?xml version="1.0" encoding="UTF-8"?>
<!-- Generated by org.testng.reporters.JUnitReportReporter -->
<testsuite skipped="0" hostname="DESKTOP-7F11FOV" name="TestProjects.Test1" tests="2" failures="0" timestamp="18 Feb 2018 22:54:29 GMT" time="0.072" errors="0">
  <testcase name="test1Method1" time="0.066" classname="TestProjects.Test1"/>
  <testcase name="test1Method2" time="0.006" classname="TestProjects.Test1"/>
</testsuite> <!-- TestProjects.Test1 -->
