<?xml version="1.0" encoding="UTF-8"?>
<!-- Generated by org.testng.reporters.JUnitReportReporter -->
<testsuite skipped="0" hostname="DESKTOP-7F11FOV" name="testexercise.LongestStringTest" tests="10" failures="0" timestamp="19 Feb 2018 21:41:35 GMT" time="0.060" errors="0">
  <testcase name="testMethod" time="0.004" classname="testexercise.LongestStringTest"/>
  <testcase name="testMethod" time="0.006" classname="testexercise.LongestStringTest"/>
  <testcase name="testMethod" time="0.004" classname="testexercise.LongestStringTest"/>
  <testcase name="testMethod" time="0.004" classname="testexercise.LongestStringTest"/>
  <testcase name="testMethod" time="0.004" classname="testexercise.LongestStringTest"/>
  <testcase name="testMethod" time="0.003" classname="testexercise.LongestStringTest"/>
  <testcase name="testMethod" time="0.003" classname="testexercise.LongestStringTest"/>
  <testcase name="testMethod" time="0.003" classname="testexercise.LongestStringTest"/>
  <testcase name="testMethod" time="0.025" classname="testexercise.LongestStringTest"/>
  <testcase name="testMethod" time="0.004" classname="testexercise.LongestStringTest"/>
</testsuite> <!-- testexercise.LongestStringTest -->
